<?xml version="1.0" encoding="UTF-8"?>
<!-- Generated by org.testng.reporters.JUnitReportReporter -->
<testsuite hostname="DESKTOP-QIUO6FV" failures="0" tests="20" name="testcases.rediff.StockManagement" time="0.017" errors="0" timestamp="2021-08-19T10:51:38 IST" skipped="20">
  <testcase classname="testcases.rediff.StockManagement" name="addNewStock" time="0.001">
    <skipped/>
  </testcase> <!-- addNewStock -->
  <testcase classname="testcases.rediff.StockManagement" name="verifyTransactionHistory" time="0.000">
    <skipped/>
  </testcase> <!-- verifyTransactionHistory -->
  <testcase classname="testcases.rediff.StockManagement" name="verifyStockPresent" time="0.001">
    <skipped/>
  </testcase> <!-- verifyStockPresent -->
  <testcase classname="testcases.rediff.StockManagement" name="verifyStockQuantity" time="0.001">
    <skipped/>
  </testcase> <!-- verifyStockQuantity -->
  <testcase classname="testcases.rediff.StockManagement" name="verifyStockPresent" time="0.001">
    <skipped/>
  </testcase> <!-- verifyStockPresent -->
  <testcase classname="testcases.rediff.StockManagement" name="verifyStockPresent" time="0.002">
    <skipped/>
  </testcase> <!-- verifyStockPresent -->
  <testcase classname="testcases.rediff.StockManagement" name="verifyTransactionHistory" time="0.001">
    <skipped/>
  </testcase> <!-- verifyTransactionHistory -->
  <testcase classname="testcases.rediff.StockManagement" name="verifyTransactionHistory" time="0.001">
    <skipped/>
  </testcase> <!-- verifyTransactionHistory -->
  <testcase classname="testcases.rediff.StockManagement" name="modifyStock" time="0.001">
    <skipped/>
  </testcase> <!-- modifyStock -->
  <testcase classname="testcases.rediff.StockManagement" name="verifyStockQuantity" time="0.001">
    <skipped/>
  </testcase> <!-- verifyStockQuantity -->
  <testcase classname="testcases.rediff.StockManagement" name="modifyStock" time="0.001">
    <skipped/>
  </testcase> <!-- modifyStock -->
  <testcase classname="testcases.rediff.StockManagement" name="verifyTransactionHistory" time="0.001">
    <skipped/>
  </testcase> <!-- verifyTransactionHistory -->
  <testcase classname="testcases.rediff.StockManagement" name="addNewStock" time="0.000">
    <skipped/>
  </testcase> <!-- addNewStock -->
  <testcase classname="testcases.rediff.StockManagement" name="verifyStockQuantity" time="0.001">
    <skipped/>
  </testcase> <!-- verifyStockQuantity -->
  <testcase classname="testcases.rediff.StockManagement" name="verifyStockQuantity" time="0.001">
    <skipped/>
  </testcase> <!-- verifyStockQuantity -->
  <testcase classname="testcases.rediff.StockManagement" name="verifyTransactionHistory" time="0.001">
    <skipped/>
  </testcase> <!-- verifyTransactionHistory -->
  <testcase classname="testcases.rediff.StockManagement" name="verifyStockQuantity" time="0.000">
    <skipped/>
  </testcase> <!-- verifyStockQuantity -->
  <testcase classname="testcases.rediff.StockManagement" name="verifyStockPresent" time="0.000">
    <skipped/>
  </testcase> <!-- verifyStockPresent -->
  <testcase classname="testcases.rediff.StockManagement" name="verifyStockPresent" time="0.001">
    <skipped/>
  </testcase> <!-- verifyStockPresent -->
  <testcase classname="testcases.rediff.StockManagement" name="modifyStock" time="0.001">
    <skipped/>
  </testcase> <!-- modifyStock -->
</testsuite> <!-- testcases.rediff.StockManagement -->
